[1;31m---------------------------------------------------------------------------[0m
[1;31mSyntaxError[0m                               Traceback (most recent call last)
[1;32m/home/tidemann/propeller/TACOS/tacos_failure_window.py[0m in [0;36m<module>[1;34m()[0m
[0;32m     59[0m [1;33m[0m[0m
[0;32m     60[0m [0mpool[0m [1;33m=[0m [0mmp[0m[1;33m.[0m[0mPool[0m[1;33m([0m[1;33m)[0m[1;33m[0m[0m
[1;32m---> 61[1;33m [0mpool[0m[1;33m.[0m[0mmap[0m[1;33m([0m[0mpar_write[0m[1;33m,[0m [0munique_nodes[0m[1;33m)[0m[1;33m[0m[0m
[0m
[1;32m/usr/lib/python2.7/multiprocessing/pool.pyc[0m in [0;36mmap[1;34m(self, func, iterable, chunksize)[0m
[0;32m    249[0m         '''
[0;32m    250[0m         [1;32massert[0m [0mself[0m[1;33m.[0m[0m_state[0m [1;33m==[0m [0mRUN[0m[1;33m[0m[0m
[1;32m--> 251[1;33m         [1;32mreturn[0m [0mself[0m[1;33m.[0m[0mmap_async[0m[1;33m([0m[0mfunc[0m[1;33m,[0m [0miterable[0m[1;33m,[0m [0mchunksize[0m[1;33m)[0m[1;33m.[0m[0mget[0m[1;33m([0m[1;33m)[0m[1;33m[0m[0m
[0m[0;32m    252[0m [1;33m[0m[0m
[0;32m    253[0m     [1;32mdef[0m [0mimap[0m[1;33m([0m[0mself[0m[1;33m,[0m [0mfunc[0m[1;33m,[0m [0miterable[0m[1;33m,[0m [0mchunksize[0m[1;33m=[0m[1;36m1[0m[1;33m)[0m[1;33m:[0m[1;33m[0m[0m

[1;32m/usr/lib/python2.7/multiprocessing/pool.pyc[0m in [0;36mget[1;34m(self, timeout)[0m
[0;32m    556[0m             [1;32mreturn[0m [0mself[0m[1;33m.[0m[0m_value[0m[1;33m[0m[0m
[0;32m    557[0m         [1;32melse[0m[1;33m:[0m[1;33m[0m[0m
[1;32m--> 558[1;33m             [1;32mraise[0m [0mself[0m[1;33m.[0m[0m_value[0m[1;33m[0m[0m
[0m[0;32m    559[0m [1;33m[0m[0m
[0;32m    560[0m     [1;32mdef[0m [0m_set[0m[1;33m([0m[0mself[0m[1;33m,[0m [0mi[0m[1;33m,[0m [0mobj[0m[1;33m)[0m[1;33m:[0m[1;33m[0m[0m

[1;31mSyntaxError[0m: EOL while scanning string literal (<string>, line 1)
Command exited with non-zero status 1
9400.20user 24.06system 10:21.44elapsed 1516%CPU (0avgtext+0avgdata 2664792maxresident)k
19808inputs+671672outputs (0major+3763006minor)pagefaults 0swaps
